<?xml version="1.0" encoding="UTF-8"?>
<!-- Generated by org.testng.reporters.JUnitXMLReporter -->
<testsuite ignored="1" hostname="LAPTOP-LPR232VR" failures="2" tests="7" name="Default test(failed)" time="48.833" errors="0" timestamp="2024-06-15T10:57:44 IST">
  <testcase classname="practice.Test.InvoiceTest" name="createInvoice" time="0.037">
    <failure type="org.junit.ComparisonFailure" message="expected:&amp;lt;[Administrator - Home - vtiger CRM 5 - Commercial Open Source CRM]&amp;gt; but was:&amp;lt;[CRM vTiger]&amp;gt;">
      <![CDATA[org.junit.ComparisonFailure: expected:<[Administrator - Home - vtiger CRM 5 - Commercial Open Source CRM]> but was:<[CRM vTiger]>
at org.junit.Assert.assertEquals(Assert.java:125)
at org.junit.Assert.assertEquals(Assert.java:147)
at practice.Test.InvoiceTest.createInvoice(InvoiceTest.java:25)
at java.base/java.util.ArrayList.forEach(ArrayList.java:1511)
... Removed 27 stack frames]]>
    </failure>
  </testcase> <!-- createInvoice -->
  <testcase classname="practice.Test.InvoiceTest" name="activateSim" time="0.003">
    <skipped/>
  </testcase> <!-- activateSim -->
  <testcase classname="practice.Test.InvoiceTest" name="activateSim" time="0.003">
    <skipped/>
  </testcase> <!-- activateSim -->
  <testcase classname="practice.Test.InvoiceTest" name="activateSim" time="0.005">
    <skipped/>
  </testcase> <!-- activateSim -->
  <testcase classname="practice.Test.InvoiceTest" name="activateSim" time="0.0">
    <skipped/>
  </testcase> <!-- activateSim -->
  <testcase classname="practice.Test.InvoiceTest" name="activateSim" time="0.0">
    <skipped/>
  </testcase> <!-- activateSim -->
  <testcase classname="practice.Test.InvoiceTest" name="activateSim" time="0.003">
    <failure type="org.junit.ComparisonFailure" message="expected:&amp;lt;[]&amp;gt; but was:&amp;lt;[CRM vTiger]&amp;gt;">
      <![CDATA[org.junit.ComparisonFailure: expected:<[]> but was:<[CRM vTiger]>
at org.junit.Assert.assertEquals(Assert.java:125)
at org.junit.Assert.assertEquals(Assert.java:147)
at practice.Test.InvoiceTest.activateSim(InvoiceTest.java:15)
at java.base/java.util.ArrayList.forEach(ArrayList.java:1511)
... Removed 27 stack frames]]>
    </failure>
  </testcase> <!-- activateSim -->
  <testcase classname="practice.Test.InvoiceTest" name="createInvoiceWithContactTest" time="0.0">
    <ignored/>
  </testcase> <!-- createInvoiceWithContactTest -->
</testsuite> <!-- Default test(failed) -->
